{"contracts\\NftMarketPlace.sol":{"l":{"49":13,"50":13,"51":1,"53":12,"61":18,"62":18,"63":18,"64":3,"66":15,"70":8,"71":8,"72":3,"74":5,"82":11,"83":0,"86":11,"87":11,"88":1,"90":10,"91":10,"100":3,"101":3,"102":1,"104":2,"106":2,"108":2,"109":2,"111":2,"119":1,"120":1,"128":1,"129":1,"133":2,"134":2,"135":1,"138":1,"140":1,"141":1,"145":3,"149":2},"path":"C:\\Users\\habib\\Documents\\GitHub\\market-place\\contracts\\NftMarketPlace.sol","s":{"1":13,"2":13,"3":18,"4":18,"5":18,"6":8,"7":8,"8":11,"9":11,"10":11,"11":10,"12":10,"13":3,"14":3,"15":2,"16":2,"17":2,"18":2,"19":1,"20":1,"21":1,"22":2,"23":2,"24":1,"25":1,"26":1,"27":3,"28":2},"b":{"1":[1,12],"2":[3,15],"3":[3,5],"4":[0,11],"5":[1,10],"6":[1,2],"7":[1,1],"8":[0,1]},"f":{"1":3,"2":13,"3":18,"4":8,"5":11,"6":3,"7":1,"8":1,"9":2,"10":3,"11":2},"fnMap":{"1":{"name":"constructor","line":42,"loc":{"start":{"line":42,"column":4},"end":{"line":42,"column":19}}},"2":{"name":"notListed","line":44,"loc":{"start":{"line":44,"column":4},"end":{"line":54,"column":4}}},"3":{"name":"isOwner","line":56,"loc":{"start":{"line":56,"column":4},"end":{"line":67,"column":4}}},"4":{"name":"isListed","line":69,"loc":{"start":{"line":69,"column":4},"end":{"line":75,"column":4}}},"5":{"name":"listItem","line":81,"loc":{"start":{"line":77,"column":4},"end":{"line":92,"column":4}}},"6":{"name":"buyItem","line":98,"loc":{"start":{"line":94,"column":4},"end":{"line":112,"column":4}}},"7":{"name":"cancelListing","line":117,"loc":{"start":{"line":114,"column":4},"end":{"line":121,"column":4}}},"8":{"name":"updateListing","line":127,"loc":{"start":{"line":123,"column":4},"end":{"line":130,"column":4}}},"9":{"name":"withdrawProceeds","line":132,"loc":{"start":{"line":132,"column":4},"end":{"line":142,"column":4}}},"10":{"name":"getListing","line":144,"loc":{"start":{"line":144,"column":4},"end":{"line":146,"column":4}}},"11":{"name":"getProceeds","line":148,"loc":{"start":{"line":148,"column":4},"end":{"line":150,"column":4}}}},"statementMap":{"1":{"start":{"line":49,"column":8},"end":{"line":49,"column":64}},"2":{"start":{"line":50,"column":8},"end":{"line":50,"column":1500}},"3":{"start":{"line":61,"column":8},"end":{"line":61,"column":41}},"4":{"start":{"line":62,"column":8},"end":{"line":62,"column":44}},"5":{"start":{"line":63,"column":8},"end":{"line":63,"column":1841}},"6":{"start":{"line":70,"column":8},"end":{"line":70,"column":64}},"7":{"start":{"line":71,"column":8},"end":{"line":71,"column":2083}},"8":{"start":{"line":82,"column":8},"end":{"line":82,"column":2422}},"9":{"start":{"line":86,"column":8},"end":{"line":86,"column":41}},"10":{"start":{"line":87,"column":8},"end":{"line":87,"column":2566}},"11":{"start":{"line":90,"column":8},"end":{"line":90,"column":67}},"12":{"start":{"line":91,"column":8},"end":{"line":91,"column":63}},"13":{"start":{"line":100,"column":8},"end":{"line":100,"column":64}},"14":{"start":{"line":101,"column":8},"end":{"line":101,"column":3075}},"15":{"start":{"line":104,"column":8},"end":{"line":104,"column":74}},"16":{"start":{"line":108,"column":8},"end":{"line":108,"column":41}},"17":{"start":{"line":109,"column":8},"end":{"line":109,"column":64}},"18":{"start":{"line":111,"column":8},"end":{"line":111,"column":71}},"19":{"start":{"line":120,"column":8},"end":{"line":120,"column":58}},"20":{"start":{"line":128,"column":8},"end":{"line":128,"column":55}},"21":{"start":{"line":129,"column":8},"end":{"line":129,"column":66}},"22":{"start":{"line":133,"column":8},"end":{"line":133,"column":49}},"23":{"start":{"line":134,"column":8},"end":{"line":134,"column":4275}},"24":{"start":{"line":138,"column":8},"end":{"line":138,"column":33}},"25":{"start":{"line":140,"column":8},"end":{"line":140,"column":72}},"26":{"start":{"line":141,"column":8},"end":{"line":141,"column":61}},"27":{"start":{"line":145,"column":8},"end":{"line":145,"column":46}},"28":{"start":{"line":149,"column":8},"end":{"line":149,"column":33}}},"branchMap":{"1":{"line":50,"type":"if","locations":[{"start":{"line":50,"column":8},"end":{"line":50,"column":8}},{"start":{"line":50,"column":8},"end":{"line":50,"column":8}}]},"2":{"line":63,"type":"if","locations":[{"start":{"line":63,"column":8},"end":{"line":63,"column":8}},{"start":{"line":63,"column":8},"end":{"line":63,"column":8}}]},"3":{"line":71,"type":"if","locations":[{"start":{"line":71,"column":8},"end":{"line":71,"column":8}},{"start":{"line":71,"column":8},"end":{"line":71,"column":8}}]},"4":{"line":82,"type":"if","locations":[{"start":{"line":82,"column":8},"end":{"line":82,"column":8}},{"start":{"line":82,"column":8},"end":{"line":82,"column":8}}]},"5":{"line":87,"type":"if","locations":[{"start":{"line":87,"column":8},"end":{"line":87,"column":8}},{"start":{"line":87,"column":8},"end":{"line":87,"column":8}}]},"6":{"line":101,"type":"if","locations":[{"start":{"line":101,"column":8},"end":{"line":101,"column":8}},{"start":{"line":101,"column":8},"end":{"line":101,"column":8}}]},"7":{"line":134,"type":"if","locations":[{"start":{"line":134,"column":8},"end":{"line":134,"column":8}},{"start":{"line":134,"column":8},"end":{"line":134,"column":8}}]},"8":{"line":141,"type":"if","locations":[{"start":{"line":141,"column":8},"end":{"line":141,"column":8}},{"start":{"line":141,"column":8},"end":{"line":141,"column":8}}]}}},"contracts\\test\\BasicNft.sol":{"l":{"14":3,"18":15,"19":15,"20":15,"24":0,"25":0,"29":0},"path":"C:\\Users\\habib\\Documents\\GitHub\\market-place\\contracts\\test\\BasicNft.sol","s":{"1":3,"2":15,"3":15,"4":15,"5":0,"6":0,"7":0},"b":{"1":[0,0]},"f":{"1":3,"2":15,"3":0,"4":0},"fnMap":{"1":{"name":"constructor","line":13,"loc":{"start":{"line":13,"column":4},"end":{"line":15,"column":4}}},"2":{"name":"mintNft","line":17,"loc":{"start":{"line":17,"column":4},"end":{"line":21,"column":4}}},"3":{"name":"tokenURI","line":23,"loc":{"start":{"line":23,"column":4},"end":{"line":26,"column":4}}},"4":{"name":"getTokenCounter","line":28,"loc":{"start":{"line":28,"column":4},"end":{"line":30,"column":4}}}},"statementMap":{"1":{"start":{"line":14,"column":8},"end":{"line":14,"column":25}},"2":{"start":{"line":18,"column":8},"end":{"line":18,"column":44}},"3":{"start":{"line":19,"column":8},"end":{"line":19,"column":38}},"4":{"start":{"line":20,"column":8},"end":{"line":20,"column":42}},"5":{"start":{"line":24,"column":8},"end":{"line":24,"column":83}},"6":{"start":{"line":25,"column":8},"end":{"line":25,"column":24}},"7":{"start":{"line":29,"column":8},"end":{"line":29,"column":29}}},"branchMap":{"1":{"line":24,"type":"if","locations":[{"start":{"line":24,"column":8},"end":{"line":24,"column":8}},{"start":{"line":24,"column":8},"end":{"line":24,"column":8}}]}}}}